  showCube.cpp
f:\jellocube_pavai_cse594\jello_simulation\jello_simulation\showcube.cpp(89): warning C4244: 'argument': conversion from 'double' to 'GLfloat', possible loss of data
f:\jellocube_pavai_cse594\jello_simulation\jello_simulation\showcube.cpp(101): warning C4244: 'argument': conversion from 'double' to 'GLfloat', possible loss of data
f:\jellocube_pavai_cse594\jello_simulation\jello_simulation\showcube.cpp(102): warning C4244: 'argument': conversion from 'double' to 'GLfloat', possible loss of data
f:\jellocube_pavai_cse594\jello_simulation\jello_simulation\showcube.cpp(103): warning C4244: 'argument': conversion from 'double' to 'GLfloat', possible loss of data
f:\jellocube_pavai_cse594\jello_simulation\jello_simulation\showcube.cpp(104): warning C4244: 'argument': conversion from 'double' to 'GLfloat', possible loss of data
f:\jellocube_pavai_cse594\jello_simulation\jello_simulation\showcube.cpp(105): warning C4244: 'argument': conversion from 'double' to 'GLfloat', possible loss of data
f:\jellocube_pavai_cse594\jello_simulation\jello_simulation\showcube.cpp(106): warning C4244: 'argument': conversion from 'double' to 'GLfloat', possible loss of data
f:\jellocube_pavai_cse594\jello_simulation\jello_simulation\showcube.cpp(113): warning C4244: 'argument': conversion from 'double' to 'GLfloat', possible loss of data
f:\jellocube_pavai_cse594\jello_simulation\jello_simulation\showcube.cpp(114): warning C4244: 'argument': conversion from 'double' to 'GLfloat', possible loss of data
f:\jellocube_pavai_cse594\jello_simulation\jello_simulation\showcube.cpp(115): warning C4244: 'argument': conversion from 'double' to 'GLfloat', possible loss of data
f:\jellocube_pavai_cse594\jello_simulation\jello_simulation\showcube.cpp(116): warning C4244: 'argument': conversion from 'double' to 'GLfloat', possible loss of data
f:\jellocube_pavai_cse594\jello_simulation\jello_simulation\showcube.cpp(117): warning C4244: 'argument': conversion from 'double' to 'GLfloat', possible loss of data
f:\jellocube_pavai_cse594\jello_simulation\jello_simulation\showcube.cpp(118): warning C4244: 'argument': conversion from 'double' to 'GLfloat', possible loss of data
f:\jellocube_pavai_cse594\jello_simulation\jello_simulation\showcube.cpp(119): warning C4244: 'argument': conversion from 'double' to 'GLfloat', possible loss of data
f:\jellocube_pavai_cse594\jello_simulation\jello_simulation\showcube.cpp(120): warning C4244: 'argument': conversion from 'double' to 'GLfloat', possible loss of data
f:\jellocube_pavai_cse594\jello_simulation\jello_simulation\showcube.cpp(121): warning C4244: 'argument': conversion from 'double' to 'GLfloat', possible loss of data
f:\jellocube_pavai_cse594\jello_simulation\jello_simulation\showcube.cpp(122): warning C4244: 'argument': conversion from 'double' to 'GLfloat', possible loss of data
f:\jellocube_pavai_cse594\jello_simulation\jello_simulation\showcube.cpp(123): warning C4244: 'argument': conversion from 'double' to 'GLfloat', possible loss of data
f:\jellocube_pavai_cse594\jello_simulation\jello_simulation\showcube.cpp(124): warning C4244: 'argument': conversion from 'double' to 'GLfloat', possible loss of data
f:\jellocube_pavai_cse594\jello_simulation\jello_simulation\showcube.cpp(126): warning C4244: 'argument': conversion from 'double' to 'GLfloat', possible loss of data
f:\jellocube_pavai_cse594\jello_simulation\jello_simulation\showcube.cpp(127): warning C4244: 'argument': conversion from 'double' to 'GLfloat', possible loss of data
f:\jellocube_pavai_cse594\jello_simulation\jello_simulation\showcube.cpp(128): warning C4244: 'argument': conversion from 'double' to 'GLfloat', possible loss of data
f:\jellocube_pavai_cse594\jello_simulation\jello_simulation\showcube.cpp(129): warning C4244: 'argument': conversion from 'double' to 'GLfloat', possible loss of data
f:\jellocube_pavai_cse594\jello_simulation\jello_simulation\showcube.cpp(130): warning C4244: 'argument': conversion from 'double' to 'GLfloat', possible loss of data
f:\jellocube_pavai_cse594\jello_simulation\jello_simulation\showcube.cpp(131): warning C4244: 'argument': conversion from 'double' to 'GLfloat', possible loss of data
f:\jellocube_pavai_cse594\jello_simulation\jello_simulation\showcube.cpp(132): warning C4244: 'argument': conversion from 'double' to 'GLfloat', possible loss of data
f:\jellocube_pavai_cse594\jello_simulation\jello_simulation\showcube.cpp(133): warning C4244: 'argument': conversion from 'double' to 'GLfloat', possible loss of data
f:\jellocube_pavai_cse594\jello_simulation\jello_simulation\showcube.cpp(140): warning C4244: 'argument': conversion from 'double' to 'GLfloat', possible loss of data
f:\jellocube_pavai_cse594\jello_simulation\jello_simulation\showcube.cpp(141): warning C4244: 'argument': conversion from 'double' to 'GLfloat', possible loss of data
f:\jellocube_pavai_cse594\jello_simulation\jello_simulation\showcube.cpp(142): warning C4244: 'argument': conversion from 'double' to 'GLfloat', possible loss of data
f:\jellocube_pavai_cse594\jello_simulation\jello_simulation\showcube.cpp(143): warning C4244: 'argument': conversion from 'double' to 'GLfloat', possible loss of data
f:\jellocube_pavai_cse594\jello_simulation\jello_simulation\showcube.cpp(144): warning C4244: 'argument': conversion from 'double' to 'GLfloat', possible loss of data
f:\jellocube_pavai_cse594\jello_simulation\jello_simulation\showcube.cpp(145): warning C4244: 'argument': conversion from 'double' to 'GLfloat', possible loss of data
f:\jellocube_pavai_cse594\jello_simulation\jello_simulation\showcube.cpp(216): warning C4244: 'argument': conversion from 'double' to 'GLfloat', possible loss of data
f:\jellocube_pavai_cse594\jello_simulation\jello_simulation\showcube.cpp(217): warning C4244: 'argument': conversion from 'double' to 'GLfloat', possible loss of data
f:\jellocube_pavai_cse594\jello_simulation\jello_simulation\showcube.cpp(219): warning C4244: 'argument': conversion from 'double' to 'GLfloat', possible loss of data
f:\jellocube_pavai_cse594\jello_simulation\jello_simulation\showcube.cpp(220): warning C4244: 'argument': conversion from 'double' to 'GLfloat', possible loss of data
f:\jellocube_pavai_cse594\jello_simulation\jello_simulation\showcube.cpp(235): warning C4305: 'argument': truncation from 'double' to 'GLfloat'
f:\jellocube_pavai_cse594\jello_simulation\jello_simulation\showcube.cpp(242): warning C4244: 'argument': conversion from 'int' to 'GLfloat', possible loss of data
f:\jellocube_pavai_cse594\jello_simulation\jello_simulation\showcube.cpp(243): warning C4244: 'argument': conversion from 'int' to 'GLfloat', possible loss of data
f:\jellocube_pavai_cse594\jello_simulation\jello_simulation\showcube.cpp(247): warning C4244: 'argument': conversion from 'int' to 'GLfloat', possible loss of data
f:\jellocube_pavai_cse594\jello_simulation\jello_simulation\showcube.cpp(248): warning C4244: 'argument': conversion from 'int' to 'GLfloat', possible loss of data
f:\jellocube_pavai_cse594\jello_simulation\jello_simulation\showcube.cpp(254): warning C4244: 'argument': conversion from 'int' to 'GLfloat', possible loss of data
f:\jellocube_pavai_cse594\jello_simulation\jello_simulation\showcube.cpp(255): warning C4244: 'argument': conversion from 'int' to 'GLfloat', possible loss of data
f:\jellocube_pavai_cse594\jello_simulation\jello_simulation\showcube.cpp(259): warning C4244: 'argument': conversion from 'int' to 'GLfloat', possible loss of data
f:\jellocube_pavai_cse594\jello_simulation\jello_simulation\showcube.cpp(260): warning C4244: 'argument': conversion from 'int' to 'GLfloat', possible loss of data
f:\jellocube_pavai_cse594\jello_simulation\jello_simulation\showcube.cpp(266): warning C4244: 'argument': conversion from 'int' to 'GLfloat', possible loss of data
f:\jellocube_pavai_cse594\jello_simulation\jello_simulation\showcube.cpp(267): warning C4244: 'argument': conversion from 'int' to 'GLfloat', possible loss of data
f:\jellocube_pavai_cse594\jello_simulation\jello_simulation\showcube.cpp(271): warning C4244: 'argument': conversion from 'int' to 'GLfloat', possible loss of data
f:\jellocube_pavai_cse594\jello_simulation\jello_simulation\showcube.cpp(272): warning C4244: 'argument': conversion from 'int' to 'GLfloat', possible loss of data
f:\jellocube_pavai_cse594\jello_simulation\jello_simulation\showcube.cpp(278): warning C4244: 'argument': conversion from 'int' to 'GLfloat', possible loss of data
f:\jellocube_pavai_cse594\jello_simulation\jello_simulation\showcube.cpp(279): warning C4244: 'argument': conversion from 'int' to 'GLfloat', possible loss of data
f:\jellocube_pavai_cse594\jello_simulation\jello_simulation\showcube.cpp(283): warning C4244: 'argument': conversion from 'int' to 'GLfloat', possible loss of data
f:\jellocube_pavai_cse594\jello_simulation\jello_simulation\showcube.cpp(284): warning C4244: 'argument': conversion from 'int' to 'GLfloat', possible loss of data
  ppm.cpp
  pic.cpp
f:\jellocube_pavai_cse594\jello_simulation\jello_simulation\pic.cpp(52): warning C4101: 'byte': unreferenced local variable
f:\jellocube_pavai_cse594\jello_simulation\jello_simulation\pic.cpp(53): warning C4101: 'i': unreferenced local variable
  physics.cpp
  jello.cpp
f:\jellocube_pavai_cse594\jello_simulation\jello_simulation\jello.cpp(127): warning C4838: conversion from 'double' to 'GLfloat' requires a narrowing conversion
f:\jellocube_pavai_cse594\jello_simulation\jello_simulation\jello.cpp(127): warning C4305: 'initializing': truncation from 'double' to 'GLfloat'
f:\jellocube_pavai_cse594\jello_simulation\jello_simulation\jello.cpp(128): warning C4838: conversion from 'double' to 'GLfloat' requires a narrowing conversion
f:\jellocube_pavai_cse594\jello_simulation\jello_simulation\jello.cpp(128): warning C4305: 'initializing': truncation from 'double' to 'GLfloat'
f:\jellocube_pavai_cse594\jello_simulation\jello_simulation\jello.cpp(129): warning C4838: conversion from 'double' to 'GLfloat' requires a narrowing conversion
f:\jellocube_pavai_cse594\jello_simulation\jello_simulation\jello.cpp(129): warning C4305: 'initializing': truncation from 'double' to 'GLfloat'
f:\jellocube_pavai_cse594\jello_simulation\jello_simulation\jello.cpp(130): warning C4838: conversion from 'double' to 'GLfloat' requires a narrowing conversion
f:\jellocube_pavai_cse594\jello_simulation\jello_simulation\jello.cpp(130): warning C4305: 'initializing': truncation from 'double' to 'GLfloat'
f:\jellocube_pavai_cse594\jello_simulation\jello_simulation\jello.cpp(131): warning C4838: conversion from 'double' to 'GLfloat' requires a narrowing conversion
f:\jellocube_pavai_cse594\jello_simulation\jello_simulation\jello.cpp(131): warning C4305: 'initializing': truncation from 'double' to 'GLfloat'
f:\jellocube_pavai_cse594\jello_simulation\jello_simulation\jello.cpp(132): warning C4838: conversion from 'double' to 'GLfloat' requires a narrowing conversion
f:\jellocube_pavai_cse594\jello_simulation\jello_simulation\jello.cpp(132): warning C4305: 'initializing': truncation from 'double' to 'GLfloat'
f:\jellocube_pavai_cse594\jello_simulation\jello_simulation\jello.cpp(133): warning C4838: conversion from 'double' to 'GLfloat' requires a narrowing conversion
f:\jellocube_pavai_cse594\jello_simulation\jello_simulation\jello.cpp(133): warning C4305: 'initializing': truncation from 'double' to 'GLfloat'
f:\jellocube_pavai_cse594\jello_simulation\jello_simulation\jello.cpp(134): warning C4838: conversion from 'double' to 'GLfloat' requires a narrowing conversion
f:\jellocube_pavai_cse594\jello_simulation\jello_simulation\jello.cpp(134): warning C4305: 'initializing': truncation from 'double' to 'GLfloat'
f:\jellocube_pavai_cse594\jello_simulation\jello_simulation\jello.cpp(139): warning C4838: conversion from 'double' to 'GLfloat' requires a narrowing conversion
f:\jellocube_pavai_cse594\jello_simulation\jello_simulation\jello.cpp(139): warning C4305: 'initializing': truncation from 'double' to 'GLfloat'
f:\jellocube_pavai_cse594\jello_simulation\jello_simulation\jello.cpp(191): warning C4101: 'i': unreferenced local variable
  input.cpp
  Generating Code...
f:\jellocube_pavai_cse594\jello_simulation\jello_simulation\pic.cpp(109): warning C4715: 'pic_get_size': not all control paths return a value
f:\jellocube_pavai_cse594\jello_simulation\jello_simulation\pic.cpp(163): warning C4715: 'pic_write': not all control paths return a value
f:\jellocube_pavai_cse594\jello_simulation\jello_simulation\pic.cpp(137): warning C4715: 'pic_read': not all control paths return a value
  Jello_Simulation.vcxproj -> F:\JelloCube_Pavai_CSE594\Jello_Simulation\Debug\Jello_Simulation.exe
  Jello_Simulation.vcxproj -> F:\JelloCube_Pavai_CSE594\Jello_Simulation\Debug\Jello_Simulation.pdb (Partial PDB)
